Mock Version: 1.2.18
Mock Version: 1.2.18
ENTER ['do'](['bash', '--login', '-c', '/usr/bin/rpmbuild -bs --target x86_64 --nodeps /builddir/build/SPECS/icaro.spec'], timeout=0uid=1000printOutput=Trueuser='mockbuild'gid=135chrootPath='/var/lib/mock/fedora-rawhide-x86_64/root'env={'PATH': '/usr/bin:/bin:/usr/sbin:/sbin', 'HOME': '/builddir', 'PROMPT_COMMAND': 'printf "\\033]0;<mock-chroot>\\007"', 'PS1': '<mock-chroot> \\s-\\v\\$ ', 'LANG': 'en_US.utf8', 'HOSTNAME': 'mock', 'TERM': 'vt100', 'SHELL': '/bin/bash'}shell=Falselogger=<mockbuild.trace_decorator.getLog object at 0x7f202f5ea0b8>)
Executing command: ['bash', '--login', '-c', '/usr/bin/rpmbuild -bs --target x86_64 --nodeps /builddir/build/SPECS/icaro.spec'] with env {'PATH': '/usr/bin:/bin:/usr/sbin:/sbin', 'HOME': '/builddir', 'PROMPT_COMMAND': 'printf "\\033]0;<mock-chroot>\\007"', 'PS1': '<mock-chroot> \\s-\\v\\$ ', 'LANG': 'en_US.utf8', 'HOSTNAME': 'mock', 'TERM': 'vt100', 'SHELL': '/bin/bash'} and shell False
Building target platforms: x86_64
Building for target x86_64
Wrote: /builddir/build/SRPMS/icaro-1.0.4-1.fc25.src.rpm
Child return code was: 0
ENTER ['do'](['bash', '--login', '-c', '/usr/bin/rpmbuild -bb --target x86_64 --nodeps /builddir/build/SPECS/icaro.spec'], private_network=Truetimeout=0uid=1000printOutput=Trueuser='mockbuild'gid=135chrootPath='/var/lib/mock/fedora-rawhide-x86_64/root'env={'PATH': '/usr/bin:/bin:/usr/sbin:/sbin', 'HOME': '/builddir', 'PROMPT_COMMAND': 'printf "\\033]0;<mock-chroot>\\007"', 'PS1': '<mock-chroot> \\s-\\v\\$ ', 'LANG': 'en_US.utf8', 'HOSTNAME': 'mock', 'TERM': 'vt100', 'SHELL': '/bin/bash'}shell=Falselogger=<mockbuild.trace_decorator.getLog object at 0x7f202f5ea0b8>)
Executing command: ['bash', '--login', '-c', '/usr/bin/rpmbuild -bb --target x86_64 --nodeps /builddir/build/SPECS/icaro.spec'] with env {'PATH': '/usr/bin:/bin:/usr/sbin:/sbin', 'HOME': '/builddir', 'PROMPT_COMMAND': 'printf "\\033]0;<mock-chroot>\\007"', 'PS1': '<mock-chroot> \\s-\\v\\$ ', 'LANG': 'en_US.utf8', 'HOSTNAME': 'mock', 'TERM': 'vt100', 'SHELL': '/bin/bash'} and shell False
Building target platforms: x86_64
Building for target x86_64
Executing(%prep): /bin/sh -e /var/tmp/rpm-tmp.nbHdY6
+ umask 022
+ cd /builddir/build/BUILD
+ cd /builddir/build/BUILD
+ rm -rf icaro-89db1132864b0b7e815cdbba0e87e5902de35bc2
+ /usr/bin/gzip -dc /builddir/build/SOURCES/icaro-89db1132864b0b7e815cdbba0e87e5902de35bc2.tar.gz
+ /usr/bin/tar -xof -
+ STATUS=0
+ '[' 0 -ne 0 ']'
+ cd icaro-89db1132864b0b7e815cdbba0e87e5902de35bc2
+ /usr/bin/chmod -Rf a+rX,u+w,g-w,o-w .
+ sed -i -e s/TurtleArt.activity/TurtleBlocks.activity/ config.dat
sed: can't read config.dat: No such file or directory
error: Bad exit status from /var/tmp/rpm-tmp.nbHdY6 (%prep)
RPM build errors:
    Bad exit status from /var/tmp/rpm-tmp.nbHdY6 (%prep)
Child return code was: 1
EXCEPTION: [Error()]
Traceback (most recent call last):
  File "/usr/lib/python3.5/site-packages/mockbuild/trace_decorator.py", line 88, in trace
    result = func(*args, **kw)
  File "/usr/lib/python3.5/site-packages/mockbuild/util.py", line 551, in do
    raise exception.Error("Command failed. See logs for output.\n # %s" % (command,), child.returncode)
mockbuild.exception.Error: Command failed. See logs for output.
 # bash --login -c /usr/bin/rpmbuild -bb --target x86_64 --nodeps /builddir/build/SPECS/icaro.spec
Mock Version: 1.2.18
ENTER ['do'](['bash', '--login', '-c', '/usr/bin/rpmbuild -bs --target x86_64 --nodeps /builddir/build/SPECS/icaro.spec'], uid=1000shell=Falsetimeout=0user='mockbuild'env={'HOSTNAME': 'mock', 'SHELL': '/bin/bash', 'HOME': '/builddir', 'LANG': 'en_US.utf8', 'TERM': 'vt100', 'PROMPT_COMMAND': 'printf "\\033]0;<mock-chroot>\\007"', 'PATH': '/usr/bin:/bin:/usr/sbin:/sbin', 'PS1': '<mock-chroot> \\s-\\v\\$ '}logger=<mockbuild.trace_decorator.getLog object at 0x7fa6f5c75278>gid=135chrootPath='/var/lib/mock/fedora-rawhide-x86_64/root'printOutput=True)
Executing command: ['bash', '--login', '-c', '/usr/bin/rpmbuild -bs --target x86_64 --nodeps /builddir/build/SPECS/icaro.spec'] with env {'HOSTNAME': 'mock', 'SHELL': '/bin/bash', 'HOME': '/builddir', 'LANG': 'en_US.utf8', 'TERM': 'vt100', 'PROMPT_COMMAND': 'printf "\\033]0;<mock-chroot>\\007"', 'PATH': '/usr/bin:/bin:/usr/sbin:/sbin', 'PS1': '<mock-chroot> \\s-\\v\\$ '} and shell False
Building target platforms: x86_64
Building for target x86_64
Wrote: /builddir/build/SRPMS/icaro-1.0.4-1.fc25.src.rpm
Child return code was: 0
ENTER ['do'](['bash', '--login', '-c', '/usr/bin/rpmbuild -bb --target x86_64 --nodeps /builddir/build/SPECS/icaro.spec'], uid=1000shell=Falseprivate_network=Truetimeout=0user='mockbuild'env={'HOSTNAME': 'mock', 'SHELL': '/bin/bash', 'HOME': '/builddir', 'LANG': 'en_US.utf8', 'TERM': 'vt100', 'PROMPT_COMMAND': 'printf "\\033]0;<mock-chroot>\\007"', 'PATH': '/usr/bin:/bin:/usr/sbin:/sbin', 'PS1': '<mock-chroot> \\s-\\v\\$ '}logger=<mockbuild.trace_decorator.getLog object at 0x7fa6f5c75278>gid=135chrootPath='/var/lib/mock/fedora-rawhide-x86_64/root'printOutput=True)
Executing command: ['bash', '--login', '-c', '/usr/bin/rpmbuild -bb --target x86_64 --nodeps /builddir/build/SPECS/icaro.spec'] with env {'HOSTNAME': 'mock', 'SHELL': '/bin/bash', 'HOME': '/builddir', 'LANG': 'en_US.utf8', 'TERM': 'vt100', 'PROMPT_COMMAND': 'printf "\\033]0;<mock-chroot>\\007"', 'PATH': '/usr/bin:/bin:/usr/sbin:/sbin', 'PS1': '<mock-chroot> \\s-\\v\\$ '} and shell False
Building target platforms: x86_64
Building for target x86_64
Executing(%prep): /bin/sh -e /var/tmp/rpm-tmp.vdxlLH
+ umask 022
+ cd /builddir/build/BUILD
+ cd /builddir/build/BUILD
+ rm -rf icaro-89db1132864b0b7e815cdbba0e87e5902de35bc2
+ /usr/bin/gzip -dc /builddir/build/SOURCES/icaro-89db1132864b0b7e815cdbba0e87e5902de35bc2.tar.gz
+ /usr/bin/tar -xof -
+ STATUS=0
+ '[' 0 -ne 0 ']'
+ cd icaro-89db1132864b0b7e815cdbba0e87e5902de35bc2
+ /usr/bin/chmod -Rf a+rX,u+w,g-w,o-w .
+ sed -i -e s/TurtleArt.activity/TurtleBlocks.activity/ config.dat
sed: can't read config.dat: No such file or directory
error: Bad exit status from /var/tmp/rpm-tmp.vdxlLH (%prep)
    Bad exit status from /var/tmp/rpm-tmp.vdxlLH (%prep)
RPM build errors:
Child return code was: 1
EXCEPTION: [Error()]
Traceback (most recent call last):
  File "/usr/lib/python3.5/site-packages/mockbuild/trace_decorator.py", line 88, in trace
    result = func(*args, **kw)
  File "/usr/lib/python3.5/site-packages/mockbuild/util.py", line 551, in do
    raise exception.Error("Command failed. See logs for output.\n # %s" % (command,), child.returncode)
mockbuild.exception.Error: Command failed. See logs for output.
 # bash --login -c /usr/bin/rpmbuild -bb --target x86_64 --nodeps /builddir/build/SPECS/icaro.spec
